<?xml version="1.0" encoding="utf-8"?><testsuites name="pytest tests"><testsuite name="pytest" errors="0" failures="0" skipped="0" tests="24" time="49.036" timestamp="2026-06-03T00:20:49.458752+00:00" hostname="agent-env-e7de2613-0790-4229-b1fc-f321ffbb14c7"><testcase classname="backend.tests.test_macrotrack" name="test_root" time="0.267" /><testcase classname="backend.tests.test_macrotrack.TestAnalyzeFood" name="test_analyze_food_empty_image_returns_400" time="0.135" /><testcase classname="backend.tests.test_macrotrack.TestAnalyzeFood" name="test_analyze_food_real_image_success" time="6.910" /><testcase classname="backend.tests.test_macrotrack.TestBarcodeLookup" name="test_barcode_real_product" time="0.781" /><testcase classname="backend.tests.test_macrotrack.TestBarcodeLookup" name="test_barcode_not_found_404" time="0.451" /><testcase classname="backend.tests.test_macrotrack.TestBarcodeLookup" name="test_barcode_invalid_400" time="0.115" /><testcase classname="backend.tests.test_macrotrack.TestFoodLogCRUD" name="test_food_log_create_get_delete" time="0.459" /><testcase classname="backend.tests.test_macrotrack.TestWeightLog" name="test_weight_create_and_list" time="0.224" /><testcase classname="backend.tests.test_macrotrack.TestWaterLog" name="test_water_create_and_list" time="0.209" /><testcase classname="backend.tests.test_macrotrack.TestActivityLog" name="test_activity_create_and_list" time="0.230" /><testcase classname="backend.tests.test_macrotrack.TestFoodSearch" name="test_food_search_banana_returns_results" time="3.972" /><testcase classname="backend.tests.test_macrotrack.TestFoodSearch" name="test_food_search_one_char_empty" time="0.149" /><testcase classname="backend.tests.test_macrotrack.TestParseFoodText" name="test_parse_empty_text_400" time="0.109" /><testcase classname="backend.tests.test_macrotrack.TestParseFoodText" name="test_parse_toast_with_peanut_butter" time="5.709" /><testcase classname="backend.tests.test_macrotrack.TestRecipes" name="test_recipe_create_list_delete" time="0.490" /><testcase classname="backend.tests.test_macrotrack.TestWeeklySummary" name="test_weekly_summary_shape" time="0.127" /><testcase classname="backend.tests.test_macrotrack.TestWaterLogDelete" name="test_create_then_delete_water_log" time="0.389" /><testcase classname="backend.tests.test_macrotrack.TestCoachChat" name="test_coach_chat_empty_message_400" time="0.103" /><testcase classname="backend.tests.test_macrotrack.TestCoachChat" name="test_coach_chat_pre_workout_athletic" time="6.714" /><testcase classname="backend.tests.test_macrotrack.TestCoachChat" name="test_coach_chat_with_history_multi_turn" time="7.598" /><testcase classname="backend.tests.test_macrotrack.TestExerciseEstimate" name="test_exercise_estimate_empty_description_400" time="0.156" /><testcase classname="backend.tests.test_macrotrack.TestExerciseEstimate" name="test_exercise_estimate_basketball_moderate" time="4.653" /><testcase classname="backend.tests.test_macrotrack.TestExerciseEstimate" name="test_exercise_estimate_invalid_intensity_defaults_to_moderate" time="2.575" /><testcase classname="backend.tests.test_macrotrack.TestExerciseEstimate" name="test_exercise_estimate_hard_burns_more_than_easy" time="6.195" /></testsuite></testsuites>